C:\Program Files\Microsoft Visual Studio\2022\Community\MSBuild\Microsoft\VC\v170\Microsoft.CppBuild.targets(517,5): warning MSB8004: Output Directory does not end with a trailing slash.  This build instance will add the slash as it is required to allow proper evaluation of the Output Directory.
  g_items.c
C:\Users\mario\source\repos\mdl35\quake2-mod\game\g_items.c(43,30): warning C4211: nonstandard extension used: redefined extern to static
C:\Users\mario\source\repos\mdl35\quake2-mod\game\g_items.c(44,30): warning C4211: nonstandard extension used: redefined extern to static
C:\Users\mario\source\repos\mdl35\quake2-mod\game\g_items.c(45,28): warning C4211: nonstandard extension used: redefined extern to static
C:\Users\mario\source\repos\mdl35\quake2-mod\game\g_items.c(265,7): warning C4101: 'index': unreferenced local variable
C:\Users\mario\source\repos\mdl35\quake2-mod\game\g_items.c(264,11): warning C4101: 'item': unreferenced local variable
C:\Users\mario\source\repos\mdl35\quake2-mod\game\g_items.c(541,46): warning C4100: 'ent': unreferenced formal parameter
C:\Users\mario\source\repos\mdl35\quake2-mod\game\g_items.c(594,7): warning C4101: 'index': unreferenced local variable
C:\Users\mario\source\repos\mdl35\quake2-mod\game\g_items.c(593,11): warning C4101: 'item': unreferenced local variable
C:\Users\mario\source\repos\mdl35\quake2-mod\game\g_items.c(667,7): warning C4101: 'index': unreferenced local variable
C:\Users\mario\source\repos\mdl35\quake2-mod\game\g_items.c(666,11): warning C4101: 'item': unreferenced local variable
C:\Users\mario\source\repos\mdl35\quake2-mod\game\g_items.c(698,7): warning C4101: 'index': unreferenced local variable
C:\Users\mario\source\repos\mdl35\quake2-mod\game\g_items.c(697,11): warning C4101: 'item': unreferenced local variable
C:\Users\mario\source\repos\mdl35\quake2-mod\game\g_items.c(713,7): warning C4101: 'index': unreferenced local variable
C:\Users\mario\source\repos\mdl35\quake2-mod\game\g_items.c(712,11): warning C4101: 'item': unreferenced local variable
C:\Users\mario\source\repos\mdl35\quake2-mod\game\g_items.c(860,45): warning C4100: 'item': unreferenced formal parameter
C:\Users\mario\source\repos\mdl35\quake2-mod\game\g_items.c(916,77): warning C4100: 'surf': unreferenced formal parameter
C:\Users\mario\source\repos\mdl35\quake2-mod\game\g_items.c(916,58): warning C4100: 'plane': unreferenced formal parameter
C:\Users\mario\source\repos\mdl35\quake2-mod\game\g_items.c(1047,55): warning C4100: 'activator': unreferenced formal parameter
C:\Users\mario\source\repos\mdl35\quake2-mod\game\g_items.c(1047,39): warning C4100: 'other': unreferenced formal parameter
C:\Users\mario\source\repos\mdl35\quake2-mod\game\g_items.c(548,1): warning C4716: 'Pickup_InvulnerabilityPlus': must return a value
     Creating library .\..\release\gamex86.lib and object .\..\release\gamex86.exp
  game.vcxproj -> D:\SteamLibrary\steamapps\common\Quake 2\Rougelike\gamex86.dll
